This file contains any messages produced by compilers while
running configure, to aid debugging if configure makes a mistake.

It was created by comanche configure 0.1, which was
generated by GNU Autoconf 2.69.  Invocation command line was

  $ ./configure 

## --------- ##
## Platform. ##
## --------- ##

hostname = ribbit1
uname -m = x86_64
uname -r = 4.9.0-15-lowlatency
uname -s = Linux
uname -v = #16 SMP PREEMPT Wed Mar 1 14:09:19 PST 2017

/usr/bin/uname -p = unknown
/bin/uname -X     = unknown

/bin/arch              = unknown
/usr/bin/arch -k       = unknown
/usr/convex/getsysinfo = unknown
/usr/bin/hostinfo      = unknown
/bin/machine           = unknown
/usr/bin/oslevel       = unknown
/bin/universe          = unknown

PATH: /usr/local/sbin
PATH: /usr/local/bin
PATH: /usr/sbin
PATH: /usr/bin
PATH: /sbin
PATH: /bin
PATH: /usr/games
PATH: /usr/local/games
PATH: /snap/bin
PATH: /usr/local/go


## ----------- ##
## Core tests. ##
## ----------- ##

configure:1859: checking for g++
configure:1875: found /usr/bin/g++
configure:1886: result: g++
configure:1913: checking for C++ compiler version
configure:1922: g++ --version >&5
g++ (Ubuntu 5.4.0-6ubuntu1~16.04.4) 5.4.0 20160609
Copyright (C) 2015 Free Software Foundation, Inc.
This is free software; see the source for copying conditions.  There is NO
warranty; not even for MERCHANTABILITY or FITNESS FOR A PARTICULAR PURPOSE.

configure:1933: $? = 0
configure:1922: g++ -v >&5
Using built-in specs.
COLLECT_GCC=g++
COLLECT_LTO_WRAPPER=/usr/lib/gcc/x86_64-linux-gnu/5/lto-wrapper
Target: x86_64-linux-gnu
Configured with: ../src/configure -v --with-pkgversion='Ubuntu 5.4.0-6ubuntu1~16.04.4' --with-bugurl=file:///usr/share/doc/gcc-5/README.Bugs --enable-languages=c,ada,c++,java,go,d,fortran,objc,obj-c++ --prefix=/usr --program-suffix=-5 --enable-shared --enable-linker-build-id --libexecdir=/usr/lib --without-included-gettext --enable-threads=posix --libdir=/usr/lib --enable-nls --with-sysroot=/ --enable-clocale=gnu --enable-libstdcxx-debug --enable-libstdcxx-time=yes --with-default-libstdcxx-abi=new --enable-gnu-unique-object --disable-vtable-verify --enable-libmpx --enable-plugin --with-system-zlib --disable-browser-plugin --enable-java-awt=gtk --enable-gtk-cairo --with-java-home=/usr/lib/jvm/java-1.5.0-gcj-5-amd64/jre --enable-java-home --with-jvm-root-dir=/usr/lib/jvm/java-1.5.0-gcj-5-amd64 --with-jvm-jar-dir=/usr/lib/jvm-exports/java-1.5.0-gcj-5-amd64 --with-arch-directory=amd64 --with-ecj-jar=/usr/share/java/eclipse-ecj.jar --enable-objc-gc --enable-multiarch --disable-werror --with-arch-32=i686 --with-abi=m64 --with-multilib-list=m32,m64,mx32 --enable-multilib --with-tune=generic --enable-checking=release --build=x86_64-linux-gnu --host=x86_64-linux-gnu --target=x86_64-linux-gnu
Thread model: posix
gcc version 5.4.0 20160609 (Ubuntu 5.4.0-6ubuntu1~16.04.4) 
configure:1933: $? = 0
configure:1922: g++ -V >&5
g++: error: unrecognized command line option '-V'
g++: fatal error: no input files
compilation terminated.
configure:1933: $? = 1
configure:1922: g++ -qversion >&5
g++: error: unrecognized command line option '-qversion'
g++: fatal error: no input files
compilation terminated.
configure:1933: $? = 1
configure:1953: checking whether the C++ compiler works
configure:1975: g++    conftest.cpp  >&5
configure:1979: $? = 0
configure:2027: result: yes
configure:2030: checking for C++ compiler default output file name
configure:2032: result: a.out
configure:2038: checking for suffix of executables
configure:2045: g++ -o conftest    conftest.cpp  >&5
configure:2049: $? = 0
configure:2071: result: 
configure:2093: checking whether we are cross compiling
configure:2101: g++ -o conftest    conftest.cpp  >&5
configure:2105: $? = 0
configure:2112: ./conftest
configure:2116: $? = 0
configure:2131: result: no
configure:2136: checking for suffix of object files
configure:2158: g++ -c   conftest.cpp >&5
configure:2162: $? = 0
configure:2183: result: o
configure:2187: checking whether we are using the GNU C++ compiler
configure:2206: g++ -c   conftest.cpp >&5
configure:2206: $? = 0
configure:2215: result: yes
configure:2224: checking whether g++ accepts -g
configure:2244: g++ -c -g  conftest.cpp >&5
configure:2244: $? = 0
configure:2285: result: yes
configure:2309: checking for tolower in -lnuma
configure:2334: g++ -o conftest -g -O2   conftest.cpp -lnuma   >&5
configure:2334: $? = 0
configure:2343: result: yes
configure:2524: creating ./config.status

## ---------------------- ##
## Running config.status. ##
## ---------------------- ##

This file was extended by comanche config.status 0.1, which was
generated by GNU Autoconf 2.69.  Invocation command line was

  CONFIG_FILES    = 
  CONFIG_HEADERS  = 
  CONFIG_LINKS    = 
  CONFIG_COMMANDS = 
  $ ./config.status 

on ribbit1

config.status:723: creating Makefile.gmake
config.status:723: creating unit_test/Makefile.gmake

## ---------------- ##
## Cache variables. ##
## ---------------- ##

ac_cv_cxx_compiler_gnu=yes
ac_cv_env_CCC_set=
ac_cv_env_CCC_value=
ac_cv_env_CPPFLAGS_set=
ac_cv_env_CPPFLAGS_value=
ac_cv_env_CXXFLAGS_set=
ac_cv_env_CXXFLAGS_value=
ac_cv_env_CXX_set=
ac_cv_env_CXX_value=
ac_cv_env_LDFLAGS_set=
ac_cv_env_LDFLAGS_value=
ac_cv_env_LIBS_set=
ac_cv_env_LIBS_value=
ac_cv_env_build_alias_set=
ac_cv_env_build_alias_value=
ac_cv_env_host_alias_set=
ac_cv_env_host_alias_value=
ac_cv_env_target_alias_set=
ac_cv_env_target_alias_value=
ac_cv_lib_numa_tolower=yes
ac_cv_objext=o
ac_cv_prog_ac_ct_CXX=g++
ac_cv_prog_cxx_g=yes

## ----------------- ##
## Output variables. ##
## ----------------- ##

CPPFLAGS=''
CXX='g++'
CXXFLAGS='-g -O2'
DEFS='-DPACKAGE_NAME=\"comanche\" -DPACKAGE_TARNAME=\"comanche\" -DPACKAGE_VERSION=\"0.1\" -DPACKAGE_STRING=\"comanche\ 0.1\" -DPACKAGE_BUGREPORT=\"\" -DPACKAGE_URL=\"\" -DHAVE_LIBNUMA=1'
ECHO_C=''
ECHO_N='-n'
ECHO_T=''
EXEEXT=''
LDFLAGS=''
LIBOBJS=''
LIBS='-lnuma '
LTLIBOBJS=''
OBJEXT='o'
PACKAGE_BUGREPORT=''
PACKAGE_NAME='comanche'
PACKAGE_STRING='comanche 0.1'
PACKAGE_TARNAME='comanche'
PACKAGE_URL=''
PACKAGE_VERSION='0.1'
PATH_SEPARATOR=':'
SHELL='/bin/bash'
ac_ct_CXX='g++'
bindir='${exec_prefix}/bin'
build_alias=''
datadir='${datarootdir}'
datarootdir='${prefix}/share'
docdir='${datarootdir}/doc/${PACKAGE_TARNAME}'
dvidir='${docdir}'
exec_prefix='${prefix}'
host_alias=''
htmldir='${docdir}'
includedir='${prefix}/include'
infodir='${datarootdir}/info'
libdir='${exec_prefix}/lib'
libexecdir='${exec_prefix}/libexec'
localedir='${datarootdir}/locale'
localstatedir='${prefix}/var'
mandir='${datarootdir}/man'
oldincludedir='/usr/include'
pdfdir='${docdir}'
prefix='/usr/local'
program_transform_name='s,x,x,'
psdir='${docdir}'
runstatedir='${localstatedir}/run'
sbindir='${exec_prefix}/sbin'
sharedstatedir='${prefix}/com'
sysconfdir='${prefix}/etc'
target_alias=''
use_mlnx='false'
use_rdma=''

## ----------- ##
## confdefs.h. ##
## ----------- ##

/* confdefs.h */
#define PACKAGE_NAME "comanche"
#define PACKAGE_TARNAME "comanche"
#define PACKAGE_VERSION "0.1"
#define PACKAGE_STRING "comanche 0.1"
#define PACKAGE_BUGREPORT ""
#define PACKAGE_URL ""
#define HAVE_LIBNUMA 1

configure: exit 0
