This file contains any messages produced by compilers while
running configure, to aid debugging if configure makes a mistake.

It was created by CityHash configure 1.1.1, which was
generated by GNU Autoconf 2.69.  Invocation command line was

  $ ./configure --with-pic --prefix=/home/xuluna/workspace/comanche/build/dist

## --------- ##
## Platform. ##
## --------- ##

hostname = kivati4
uname -m = x86_64
uname -r = 4.15.0-47-generic
uname -s = Linux
uname -v = #50-Ubuntu SMP Wed Mar 13 10:44:52 UTC 2019

/usr/bin/uname -p = unknown
/bin/uname -X     = unknown

/bin/arch              = unknown
/usr/bin/arch -k       = unknown
/usr/convex/getsysinfo = unknown
/usr/bin/hostinfo      = unknown
/bin/machine           = unknown
/usr/bin/oslevel       = unknown
/bin/universe          = unknown

PATH: /home/xuluna/bin
PATH: /home/xuluna/.local/bin
PATH: /home/xuluna/bin
PATH: /sbin
PATH: /usr/games/bin
PATH: /home/xuluna/.local/bin
PATH: /usr/local/sbin
PATH: /usr/local/bin
PATH: /usr/sbin
PATH: /usr/bin
PATH: /bin
PATH: /usr/games
PATH: /usr/local/games
PATH: /snap/bin


## ----------- ##
## Core tests. ##
## ----------- ##

configure:2545: checking for a BSD-compatible install
configure:2613: result: /usr/bin/install -c
configure:2624: checking whether build environment is sane
configure:2674: result: yes
configure:2815: checking for a thread-safe mkdir -p
configure:2854: result: /bin/mkdir -p
configure:2867: checking for gawk
configure:2883: found /usr/bin/gawk
configure:2894: result: gawk
configure:2905: checking whether make sets $(MAKE)
configure:2927: result: yes
configure:3028: checking build system type
configure:3042: result: x86_64-unknown-linux-gnu
configure:3062: checking host system type
configure:3075: result: x86_64-unknown-linux-gnu
configure:3116: checking how to print strings
configure:3143: result: printf
configure:3176: checking for style of include used by make
configure:3204: result: GNU
configure:3275: checking for gcc
configure:3291: found /usr/bin/gcc
configure:3302: result: gcc
configure:3531: checking for C compiler version
configure:3540: gcc --version >&5
gcc (Ubuntu 7.4.0-1ubuntu1~18.04) 7.4.0
Copyright (C) 2017 Free Software Foundation, Inc.
This is free software; see the source for copying conditions.  There is NO
warranty; not even for MERCHANTABILITY or FITNESS FOR A PARTICULAR PURPOSE.

configure:3551: $? = 0
configure:3540: gcc -v >&5
Using built-in specs.
COLLECT_GCC=gcc
COLLECT_LTO_WRAPPER=/usr/lib/gcc/x86_64-linux-gnu/7/lto-wrapper
OFFLOAD_TARGET_NAMES=nvptx-none
OFFLOAD_TARGET_DEFAULT=1
Target: x86_64-linux-gnu
Configured with: ../src/configure -v --with-pkgversion='Ubuntu 7.4.0-1ubuntu1~18.04' --with-bugurl=file:///usr/share/doc/gcc-7/README.Bugs --enable-languages=c,ada,c++,go,brig,d,fortran,objc,obj-c++ --prefix=/usr --with-gcc-major-version-only --program-suffix=-7 --program-prefix=x86_64-linux-gnu- --enable-shared --enable-linker-build-id --libexecdir=/usr/lib --without-included-gettext --enable-threads=posix --libdir=/usr/lib --enable-nls --with-sysroot=/ --enable-clocale=gnu --enable-libstdcxx-debug --enable-libstdcxx-time=yes --with-default-libstdcxx-abi=new --enable-gnu-unique-object --disable-vtable-verify --enable-libmpx --enable-plugin --enable-default-pie --with-system-zlib --with-target-system-zlib --enable-objc-gc=auto --enable-multiarch --disable-werror --with-arch-32=i686 --with-abi=m64 --with-multilib-list=m32,m64,mx32 --enable-multilib --with-tune=generic --enable-offload-targets=nvptx-none --without-cuda-driver --enable-checking=release --build=x86_64-linux-gnu --host=x86_64-linux-gnu --target=x86_64-linux-gnu
Thread model: posix
gcc version 7.4.0 (Ubuntu 7.4.0-1ubuntu1~18.04) 
configure:3551: $? = 0
configure:3540: gcc -V >&5
gcc: error: unrecognized command line option '-V'
gcc: fatal error: no input files
compilation terminated.
configure:3551: $? = 1
configure:3540: gcc -qversion >&5
gcc: error: unrecognized command line option '-qversion'; did you mean '--version'?
gcc: fatal error: no input files
compilation terminated.
configure:3551: $? = 1
configure:3571: checking whether the C compiler works
configure:3593: gcc    conftest.c  >&5
configure:3597: $? = 0
configure:3645: result: yes
configure:3648: checking for C compiler default output file name
configure:3650: result: a.out
configure:3656: checking for suffix of executables
configure:3663: gcc -o conftest    conftest.c  >&5
configure:3667: $? = 0
configure:3689: result: 
configure:3711: checking whether we are cross compiling
configure:3719: gcc -o conftest    conftest.c  >&5
configure:3723: $? = 0
configure:3730: ./conftest
configure:3734: $? = 0
configure:3749: result: no
configure:3754: checking for suffix of object files
configure:3776: gcc -c   conftest.c >&5
configure:3780: $? = 0
configure:3801: result: o
configure:3805: checking whether we are using the GNU C compiler
configure:3824: gcc -c   conftest.c >&5
configure:3824: $? = 0
configure:3833: result: yes
configure:3842: checking whether gcc accepts -g
configure:3862: gcc -c -g  conftest.c >&5
configure:3862: $? = 0
configure:3903: result: yes
configure:3920: checking for gcc option to accept ISO C89
configure:3983: gcc  -c -g -O2  conftest.c >&5
configure:3983: $? = 0
configure:3996: result: none needed
configure:4018: checking dependency style of gcc
configure:4129: result: gcc3
configure:4144: checking for a sed that does not truncate output
configure:4208: result: /bin/sed
configure:4226: checking for grep that handles long lines and -e
configure:4284: result: /bin/grep
configure:4289: checking for egrep
configure:4351: result: /bin/grep -E
configure:4356: checking for fgrep
configure:4418: result: /bin/grep -F
configure:4453: checking for ld used by gcc
configure:4520: result: /usr/bin/ld
configure:4527: checking if the linker (/usr/bin/ld) is GNU ld
configure:4542: result: yes
configure:4554: checking for BSD- or MS-compatible name lister (nm)
configure:4603: result: /usr/bin/nm -B
configure:4733: checking the name lister (/usr/bin/nm -B) interface
configure:4740: gcc -c -g -O2  conftest.c >&5
configure:4743: /usr/bin/nm -B "conftest.o"
configure:4746: output
0000000000000000 B some_variable
configure:4753: result: BSD nm
configure:4756: checking whether ln -s works
configure:4760: result: yes
configure:4768: checking the maximum length of command line arguments
configure:4893: result: 1572864
configure:4910: checking whether the shell understands some XSI constructs
configure:4920: result: yes
configure:4924: checking whether the shell understands "+="
configure:4930: result: yes
configure:4965: checking how to convert x86_64-unknown-linux-gnu file names to x86_64-unknown-linux-gnu format
configure:5005: result: func_convert_file_noop
configure:5012: checking how to convert x86_64-unknown-linux-gnu file names to toolchain format
configure:5032: result: func_convert_file_noop
configure:5039: checking for /usr/bin/ld option to reload object files
configure:5046: result: -r
configure:5120: checking for objdump
configure:5136: found /usr/bin/objdump
configure:5147: result: objdump
configure:5179: checking how to recognize dependent libraries
configure:5381: result: pass_all
configure:5466: checking for dlltool
configure:5496: result: no
configure:5526: checking how to associate runtime and link libraries
configure:5553: result: printf %s\n
configure:5614: checking for ar
configure:5630: found /usr/bin/ar
configure:5641: result: ar
configure:5678: checking for archiver @FILE support
configure:5695: gcc -c -g -O2  conftest.c >&5
configure:5695: $? = 0
configure:5698: ar cru libconftest.a @conftest.lst >&5
ar: `u' modifier ignored since `D' is the default (see `U')
configure:5701: $? = 0
configure:5706: ar cru libconftest.a @conftest.lst >&5
ar: `u' modifier ignored since `D' is the default (see `U')
ar: conftest.o: No such file or directory
configure:5709: $? = 1
configure:5721: result: @
configure:5779: checking for strip
configure:5795: found /usr/bin/strip
configure:5806: result: strip
configure:5878: checking for ranlib
configure:5894: found /usr/bin/ranlib
configure:5905: result: ranlib
configure:6007: checking command to parse /usr/bin/nm -B output from gcc object
configure:6126: gcc -c -g -O2  conftest.c >&5
configure:6129: $? = 0
configure:6133: /usr/bin/nm -B conftest.o \| sed -n -e 's/^.*[ ]\([ABCDGIRSTW][ABCDGIRSTW]*\)[ ][ ]*\([_A-Za-z][_A-Za-z0-9]*\)$/\1 \2 \2/p' | sed '/ __gnu_lto/d' \> conftest.nm
configure:6136: $? = 0
configure:6202: gcc -o conftest -g -O2   conftest.c conftstm.o >&5
configure:6205: $? = 0
configure:6243: result: ok
configure:6280: checking for sysroot
configure:6310: result: no
configure:6387: gcc -c -g -O2  conftest.c >&5
configure:6390: $? = 0
configure:6553: checking for mt
configure:6569: found /bin/mt
configure:6580: result: mt
configure:6603: checking if mt is a manifest tool
configure:6609: mt '-?'
configure:6617: result: no
configure:7249: checking how to run the C preprocessor
configure:7280: gcc -E  conftest.c
configure:7280: $? = 0
configure:7294: gcc -E  conftest.c
conftest.c:9:10: fatal error: ac_nonexistent.h: No such file or directory
 #include <ac_nonexistent.h>
          ^~~~~~~~~~~~~~~~~~
compilation terminated.
configure:7294: $? = 1
configure: failed program was:
| /* confdefs.h */
| #define PACKAGE_NAME "CityHash"
| #define PACKAGE_TARNAME "cityhash"
| #define PACKAGE_VERSION "1.1.1"
| #define PACKAGE_STRING "CityHash 1.1.1"
| #define PACKAGE_BUGREPORT "cityhash-discuss@googlegroups.com"
| #define PACKAGE_URL ""
| /* end confdefs.h.  */
| #include <ac_nonexistent.h>
configure:7319: result: gcc -E
configure:7339: gcc -E  conftest.c
configure:7339: $? = 0
configure:7353: gcc -E  conftest.c
conftest.c:9:10: fatal error: ac_nonexistent.h: No such file or directory
 #include <ac_nonexistent.h>
          ^~~~~~~~~~~~~~~~~~
compilation terminated.
configure:7353: $? = 1
configure: failed program was:
| /* confdefs.h */
| #define PACKAGE_NAME "CityHash"
| #define PACKAGE_TARNAME "cityhash"
| #define PACKAGE_VERSION "1.1.1"
| #define PACKAGE_STRING "CityHash 1.1.1"
| #define PACKAGE_BUGREPORT "cityhash-discuss@googlegroups.com"
| #define PACKAGE_URL ""
| /* end confdefs.h.  */
| #include <ac_nonexistent.h>
configure:7382: checking for ANSI C header files
configure:7402: gcc -c -g -O2  conftest.c >&5
configure:7402: $? = 0
configure:7475: gcc -o conftest -g -O2   conftest.c  >&5
configure:7475: $? = 0
configure:7475: ./conftest
configure:7475: $? = 0
configure:7486: result: yes
configure:7499: checking for sys/types.h
configure:7499: gcc -c -g -O2  conftest.c >&5
configure:7499: $? = 0
configure:7499: result: yes
configure:7499: checking for sys/stat.h
configure:7499: gcc -c -g -O2  conftest.c >&5
configure:7499: $? = 0
configure:7499: result: yes
configure:7499: checking for stdlib.h
configure:7499: gcc -c -g -O2  conftest.c >&5
configure:7499: $? = 0
configure:7499: result: yes
configure:7499: checking for string.h
configure:7499: gcc -c -g -O2  conftest.c >&5
configure:7499: $? = 0
configure:7499: result: yes
configure:7499: checking for memory.h
configure:7499: gcc -c -g -O2  conftest.c >&5
configure:7499: $? = 0
configure:7499: result: yes
configure:7499: checking for strings.h
configure:7499: gcc -c -g -O2  conftest.c >&5
configure:7499: $? = 0
configure:7499: result: yes
configure:7499: checking for inttypes.h
configure:7499: gcc -c -g -O2  conftest.c >&5
configure:7499: $? = 0
configure:7499: result: yes
configure:7499: checking for stdint.h
configure:7499: gcc -c -g -O2  conftest.c >&5
configure:7499: $? = 0
configure:7499: result: yes
configure:7499: checking for unistd.h
configure:7499: gcc -c -g -O2  conftest.c >&5
configure:7499: $? = 0
configure:7499: result: yes
configure:7513: checking for dlfcn.h
configure:7513: gcc -c -g -O2  conftest.c >&5
configure:7513: $? = 0
configure:7513: result: yes
configure:7700: checking for objdir
configure:7715: result: .libs
configure:7986: checking if gcc supports -fno-rtti -fno-exceptions
configure:8004: gcc -c -g -O2  -fno-rtti -fno-exceptions conftest.c >&5
cc1: warning: command line option '-fno-rtti' is valid for C++/ObjC++ but not for C
configure:8008: $? = 0
configure:8021: result: no
configure:8331: checking for gcc option to produce PIC
configure:8338: result: -fPIC -DPIC
configure:8346: checking if gcc PIC flag -fPIC -DPIC works
configure:8364: gcc -c -g -O2  -fPIC -DPIC -DPIC conftest.c >&5
configure:8368: $? = 0
configure:8381: result: yes
configure:8410: checking if gcc static flag -static works
configure:8438: result: yes
configure:8453: checking if gcc supports -c -o file.o
configure:8474: gcc -c -g -O2  -o out/conftest2.o conftest.c >&5
configure:8478: $? = 0
configure:8500: result: yes
configure:8508: checking if gcc supports -c -o file.o
configure:8555: result: yes
configure:8588: checking whether the gcc linker (/usr/bin/ld -m elf_x86_64) supports shared libraries
configure:9746: result: yes
configure:9783: checking whether -lc should be explicitly linked in
configure:9791: gcc -c -g -O2  conftest.c >&5
configure:9794: $? = 0
configure:9809: gcc -shared  -fPIC -DPIC conftest.o  -v -Wl,-soname -Wl,conftest -o conftest 2\>\&1 \| /bin/grep  -lc  \>/dev/null 2\>\&1
configure:9812: $? = 0
configure:9826: result: no
configure:9991: checking dynamic linker characteristics
configure:10505: gcc -o conftest -g -O2   -Wl,-rpath -Wl,/foo conftest.c  >&5
configure:10505: $? = 0
configure:10727: result: GNU/Linux ld.so
configure:10834: checking how to hardcode library paths into programs
configure:10859: result: immediate
configure:11399: checking whether stripping libraries is possible
configure:11404: result: yes
configure:11439: checking if libtool supports shared libraries
configure:11441: result: yes
configure:11444: checking whether to build shared libraries
configure:11465: result: yes
configure:11468: checking whether to build static libraries
configure:11472: result: yes
configure:11586: checking for g++
configure:11602: found /usr/bin/g++
configure:11613: result: g++
configure:11640: checking for C++ compiler version
configure:11649: g++ --version >&5
g++ (Ubuntu 7.4.0-1ubuntu1~18.04) 7.4.0
Copyright (C) 2017 Free Software Foundation, Inc.
This is free software; see the source for copying conditions.  There is NO
warranty; not even for MERCHANTABILITY or FITNESS FOR A PARTICULAR PURPOSE.

configure:11660: $? = 0
configure:11649: g++ -v >&5
Using built-in specs.
COLLECT_GCC=g++
COLLECT_LTO_WRAPPER=/usr/lib/gcc/x86_64-linux-gnu/7/lto-wrapper
OFFLOAD_TARGET_NAMES=nvptx-none
OFFLOAD_TARGET_DEFAULT=1
Target: x86_64-linux-gnu
Configured with: ../src/configure -v --with-pkgversion='Ubuntu 7.4.0-1ubuntu1~18.04' --with-bugurl=file:///usr/share/doc/gcc-7/README.Bugs --enable-languages=c,ada,c++,go,brig,d,fortran,objc,obj-c++ --prefix=/usr --with-gcc-major-version-only --program-suffix=-7 --program-prefix=x86_64-linux-gnu- --enable-shared --enable-linker-build-id --libexecdir=/usr/lib --without-included-gettext --enable-threads=posix --libdir=/usr/lib --enable-nls --with-sysroot=/ --enable-clocale=gnu --enable-libstdcxx-debug --enable-libstdcxx-time=yes --with-default-libstdcxx-abi=new --enable-gnu-unique-object --disable-vtable-verify --enable-libmpx --enable-plugin --enable-default-pie --with-system-zlib --with-target-system-zlib --enable-objc-gc=auto --enable-multiarch --disable-werror --with-arch-32=i686 --with-abi=m64 --with-multilib-list=m32,m64,mx32 --enable-multilib --with-tune=generic --enable-offload-targets=nvptx-none --without-cuda-driver --enable-checking=release --build=x86_64-linux-gnu --host=x86_64-linux-gnu --target=x86_64-linux-gnu
Thread model: posix
gcc version 7.4.0 (Ubuntu 7.4.0-1ubuntu1~18.04) 
configure:11660: $? = 0
configure:11649: g++ -V >&5
g++: error: unrecognized command line option '-V'
g++: fatal error: no input files
compilation terminated.
configure:11660: $? = 1
configure:11649: g++ -qversion >&5
g++: error: unrecognized command line option '-qversion'; did you mean '--version'?
g++: fatal error: no input files
compilation terminated.
configure:11660: $? = 1
configure:11664: checking whether we are using the GNU C++ compiler
configure:11683: g++ -c   conftest.cpp >&5
configure:11683: $? = 0
configure:11692: result: yes
configure:11701: checking whether g++ accepts -g
configure:11721: g++ -c -g  conftest.cpp >&5
configure:11721: $? = 0
configure:11762: result: yes
configure:11787: checking dependency style of g++
configure:11898: result: gcc3
configure:11931: checking how to run the C++ preprocessor
configure:11958: g++ -E  conftest.cpp
configure:11958: $? = 0
configure:11972: g++ -E  conftest.cpp
conftest.cpp:21:10: fatal error: ac_nonexistent.h: No such file or directory
 #include <ac_nonexistent.h>
          ^~~~~~~~~~~~~~~~~~
compilation terminated.
configure:11972: $? = 1
configure: failed program was:
| /* confdefs.h */
| #define PACKAGE_NAME "CityHash"
| #define PACKAGE_TARNAME "cityhash"
| #define PACKAGE_VERSION "1.1.1"
| #define PACKAGE_STRING "CityHash 1.1.1"
| #define PACKAGE_BUGREPORT "cityhash-discuss@googlegroups.com"
| #define PACKAGE_URL ""
| #define STDC_HEADERS 1
| #define HAVE_SYS_TYPES_H 1
| #define HAVE_SYS_STAT_H 1
| #define HAVE_STDLIB_H 1
| #define HAVE_STRING_H 1
| #define HAVE_MEMORY_H 1
| #define HAVE_STRINGS_H 1
| #define HAVE_INTTYPES_H 1
| #define HAVE_STDINT_H 1
| #define HAVE_UNISTD_H 1
| #define HAVE_DLFCN_H 1
| #define LT_OBJDIR ".libs/"
| /* end confdefs.h.  */
| #include <ac_nonexistent.h>
configure:11997: result: g++ -E
configure:12017: g++ -E  conftest.cpp
configure:12017: $? = 0
configure:12031: g++ -E  conftest.cpp
conftest.cpp:21:10: fatal error: ac_nonexistent.h: No such file or directory
 #include <ac_nonexistent.h>
          ^~~~~~~~~~~~~~~~~~
compilation terminated.
configure:12031: $? = 1
configure: failed program was:
| /* confdefs.h */
| #define PACKAGE_NAME "CityHash"
| #define PACKAGE_TARNAME "cityhash"
| #define PACKAGE_VERSION "1.1.1"
| #define PACKAGE_STRING "CityHash 1.1.1"
| #define PACKAGE_BUGREPORT "cityhash-discuss@googlegroups.com"
| #define PACKAGE_URL ""
| #define STDC_HEADERS 1
| #define HAVE_SYS_TYPES_H 1
| #define HAVE_SYS_STAT_H 1
| #define HAVE_STDLIB_H 1
| #define HAVE_STRING_H 1
| #define HAVE_MEMORY_H 1
| #define HAVE_STRINGS_H 1
| #define HAVE_INTTYPES_H 1
| #define HAVE_STDINT_H 1
| #define HAVE_UNISTD_H 1
| #define HAVE_DLFCN_H 1
| #define LT_OBJDIR ".libs/"
| /* end confdefs.h.  */
| #include <ac_nonexistent.h>
configure:12201: checking for ld used by g++
configure:12268: result: /usr/bin/ld -m elf_x86_64
configure:12275: checking if the linker (/usr/bin/ld -m elf_x86_64) is GNU ld
configure:12290: result: yes
configure:12345: checking whether the g++ linker (/usr/bin/ld -m elf_x86_64) supports shared libraries
configure:13349: result: yes
configure:13384: g++ -c -g -O2  conftest.cpp >&5
configure:13387: $? = 0
configure:13907: checking for g++ option to produce PIC
configure:13914: result: -fPIC -DPIC
configure:13922: checking if g++ PIC flag -fPIC -DPIC works
configure:13940: g++ -c -g -O2  -fPIC -DPIC -DPIC conftest.cpp >&5
configure:13944: $? = 0
configure:13957: result: yes
configure:13980: checking if g++ static flag -static works
configure:14008: result: yes
configure:14020: checking if g++ supports -c -o file.o
configure:14041: g++ -c -g -O2  -o out/conftest2.o conftest.cpp >&5
configure:14045: $? = 0
configure:14067: result: yes
configure:14072: checking if g++ supports -c -o file.o
configure:14119: result: yes
configure:14149: checking whether the g++ linker (/usr/bin/ld -m elf_x86_64) supports shared libraries
configure:14183: result: yes
configure:14326: checking dynamic linker characteristics
configure:14996: result: GNU/Linux ld.so
configure:15049: checking how to hardcode library paths into programs
configure:15074: result: immediate
configure:15120: checking whether byte ordering is bigendian
configure:15135: g++ -c -g -O2  conftest.cpp >&5
conftest.cpp:22:9: error: expected unqualified-id before 'not' token
         not a universal capable compiler
         ^~~
configure:15135: $? = 1
configure: failed program was:
| /* confdefs.h */
| #define PACKAGE_NAME "CityHash"
| #define PACKAGE_TARNAME "cityhash"
| #define PACKAGE_VERSION "1.1.1"
| #define PACKAGE_STRING "CityHash 1.1.1"
| #define PACKAGE_BUGREPORT "cityhash-discuss@googlegroups.com"
| #define PACKAGE_URL ""
| #define STDC_HEADERS 1
| #define HAVE_SYS_TYPES_H 1
| #define HAVE_SYS_STAT_H 1
| #define HAVE_STDLIB_H 1
| #define HAVE_STRING_H 1
| #define HAVE_MEMORY_H 1
| #define HAVE_STRINGS_H 1
| #define HAVE_INTTYPES_H 1
| #define HAVE_STDINT_H 1
| #define HAVE_UNISTD_H 1
| #define HAVE_DLFCN_H 1
| #define LT_OBJDIR ".libs/"
| /* end confdefs.h.  */
| #ifndef __APPLE_CC__
| 	       not a universal capable compiler
| 	     #endif
| 	     typedef int dummy;
| 
configure:15180: g++ -c -g -O2  conftest.cpp >&5
configure:15180: $? = 0
configure:15198: g++ -c -g -O2  conftest.cpp >&5
conftest.cpp: In function 'int main()':
conftest.cpp:28:8: error: 'big' was not declared in this scope
    not big endian
        ^~~
configure:15198: $? = 1
configure: failed program was:
| /* confdefs.h */
| #define PACKAGE_NAME "CityHash"
| #define PACKAGE_TARNAME "cityhash"
| #define PACKAGE_VERSION "1.1.1"
| #define PACKAGE_STRING "CityHash 1.1.1"
| #define PACKAGE_BUGREPORT "cityhash-discuss@googlegroups.com"
| #define PACKAGE_URL ""
| #define STDC_HEADERS 1
| #define HAVE_SYS_TYPES_H 1
| #define HAVE_SYS_STAT_H 1
| #define HAVE_STDLIB_H 1
| #define HAVE_STRING_H 1
| #define HAVE_MEMORY_H 1
| #define HAVE_STRINGS_H 1
| #define HAVE_INTTYPES_H 1
| #define HAVE_STDINT_H 1
| #define HAVE_UNISTD_H 1
| #define HAVE_DLFCN_H 1
| #define LT_OBJDIR ".libs/"
| /* end confdefs.h.  */
| #include <sys/types.h>
| 		#include <sys/param.h>
| 
| int
| main ()
| {
| #if BYTE_ORDER != BIG_ENDIAN
| 		 not big endian
| 		#endif
| 
|   ;
|   return 0;
| }
configure:15326: result: no
configure:15352: checking for stdint.h
configure:15352: result: yes
configure:15352: checking for stdlib.h
configure:15352: result: yes
configure:15364: checking for inline
configure:15380: g++ -c -g -O2  conftest.cpp >&5
configure:15380: $? = 0
configure:15388: result: inline
configure:15406: checking for size_t
configure:15406: g++ -c -g -O2  conftest.cpp >&5
configure:15406: $? = 0
configure:15406: g++ -c -g -O2  conftest.cpp >&5
conftest.cpp: In function 'int main()':
conftest.cpp:59:20: error: expected primary-expression before ')' token
 if (sizeof ((size_t)))
                    ^
configure:15406: $? = 1
configure: failed program was:
| /* confdefs.h */
| #define PACKAGE_NAME "CityHash"
| #define PACKAGE_TARNAME "cityhash"
| #define PACKAGE_VERSION "1.1.1"
| #define PACKAGE_STRING "CityHash 1.1.1"
| #define PACKAGE_BUGREPORT "cityhash-discuss@googlegroups.com"
| #define PACKAGE_URL ""
| #define STDC_HEADERS 1
| #define HAVE_SYS_TYPES_H 1
| #define HAVE_SYS_STAT_H 1
| #define HAVE_STDLIB_H 1
| #define HAVE_STRING_H 1
| #define HAVE_MEMORY_H 1
| #define HAVE_STRINGS_H 1
| #define HAVE_INTTYPES_H 1
| #define HAVE_STDINT_H 1
| #define HAVE_UNISTD_H 1
| #define HAVE_DLFCN_H 1
| #define LT_OBJDIR ".libs/"
| #define HAVE_STDINT_H 1
| #define HAVE_STDLIB_H 1
| /* end confdefs.h.  */
| #include <stdio.h>
| #ifdef HAVE_SYS_TYPES_H
| # include <sys/types.h>
| #endif
| #ifdef HAVE_SYS_STAT_H
| # include <sys/stat.h>
| #endif
| #ifdef STDC_HEADERS
| # include <stdlib.h>
| # include <stddef.h>
| #else
| # ifdef HAVE_STDLIB_H
| #  include <stdlib.h>
| # endif
| #endif
| #ifdef HAVE_STRING_H
| # if !defined STDC_HEADERS && defined HAVE_MEMORY_H
| #  include <memory.h>
| # endif
| # include <string.h>
| #endif
| #ifdef HAVE_STRINGS_H
| # include <strings.h>
| #endif
| #ifdef HAVE_INTTYPES_H
| # include <inttypes.h>
| #endif
| #ifdef HAVE_STDINT_H
| # include <stdint.h>
| #endif
| #ifdef HAVE_UNISTD_H
| # include <unistd.h>
| #endif
| int
| main ()
| {
| if (sizeof ((size_t)))
| 	    return 0;
|   ;
|   return 0;
| }
configure:15406: result: yes
configure:15417: checking for ssize_t
configure:15417: g++ -c -g -O2  conftest.cpp >&5
configure:15417: $? = 0
configure:15417: g++ -c -g -O2  conftest.cpp >&5
conftest.cpp: In function 'int main()':
conftest.cpp:59:21: error: expected primary-expression before ')' token
 if (sizeof ((ssize_t)))
                     ^
configure:15417: $? = 1
configure: failed program was:
| /* confdefs.h */
| #define PACKAGE_NAME "CityHash"
| #define PACKAGE_TARNAME "cityhash"
| #define PACKAGE_VERSION "1.1.1"
| #define PACKAGE_STRING "CityHash 1.1.1"
| #define PACKAGE_BUGREPORT "cityhash-discuss@googlegroups.com"
| #define PACKAGE_URL ""
| #define STDC_HEADERS 1
| #define HAVE_SYS_TYPES_H 1
| #define HAVE_SYS_STAT_H 1
| #define HAVE_STDLIB_H 1
| #define HAVE_STRING_H 1
| #define HAVE_MEMORY_H 1
| #define HAVE_STRINGS_H 1
| #define HAVE_INTTYPES_H 1
| #define HAVE_STDINT_H 1
| #define HAVE_UNISTD_H 1
| #define HAVE_DLFCN_H 1
| #define LT_OBJDIR ".libs/"
| #define HAVE_STDINT_H 1
| #define HAVE_STDLIB_H 1
| /* end confdefs.h.  */
| #include <stdio.h>
| #ifdef HAVE_SYS_TYPES_H
| # include <sys/types.h>
| #endif
| #ifdef HAVE_SYS_STAT_H
| # include <sys/stat.h>
| #endif
| #ifdef STDC_HEADERS
| # include <stdlib.h>
| # include <stddef.h>
| #else
| # ifdef HAVE_STDLIB_H
| #  include <stdlib.h>
| # endif
| #endif
| #ifdef HAVE_STRING_H
| # if !defined STDC_HEADERS && defined HAVE_MEMORY_H
| #  include <memory.h>
| # endif
| # include <string.h>
| #endif
| #ifdef HAVE_STRINGS_H
| # include <strings.h>
| #endif
| #ifdef HAVE_INTTYPES_H
| # include <inttypes.h>
| #endif
| #ifdef HAVE_STDINT_H
| # include <stdint.h>
| #endif
| #ifdef HAVE_UNISTD_H
| # include <unistd.h>
| #endif
| int
| main ()
| {
| if (sizeof ((ssize_t)))
| 	    return 0;
|   ;
|   return 0;
| }
configure:15417: result: yes
configure:15428: checking for uint32_t
configure:15428: g++ -c -g -O2  conftest.cpp >&5
configure:15428: $? = 0
configure:15428: result: yes
configure:15442: checking for uint64_t
configure:15442: g++ -c -g -O2  conftest.cpp >&5
configure:15442: $? = 0
configure:15442: result: yes
configure:15456: checking for uint8_t
configure:15456: g++ -c -g -O2  conftest.cpp >&5
configure:15456: $? = 0
configure:15456: result: yes
configure:15472: checking if the compiler supports __builtin_expect
configure:15485: g++ -c -g -O2  conftest.cpp >&5
configure:15485: $? = 0
configure:15488: result: yes
configure:15644: creating ./config.status

## ---------------------- ##
## Running config.status. ##
## ---------------------- ##

This file was extended by CityHash config.status 1.1.1, which was
generated by GNU Autoconf 2.69.  Invocation command line was

  CONFIG_FILES    = 
  CONFIG_HEADERS  = 
  CONFIG_LINKS    = 
  CONFIG_COMMANDS = 
  $ ./config.status 

on kivati4

config.status:1145: creating Makefile
config.status:1145: creating src/Makefile
config.status:1145: creating config.h
config.status:1326: config.h is unchanged
config.status:1374: executing depfiles commands
config.status:1374: executing libtool commands

## ---------------- ##
## Cache variables. ##
## ---------------- ##

ac_cv_build=x86_64-unknown-linux-gnu
ac_cv_c_bigendian=no
ac_cv_c_compiler_gnu=yes
ac_cv_c_inline=inline
ac_cv_c_uint32_t=yes
ac_cv_c_uint64_t=yes
ac_cv_c_uint8_t=yes
ac_cv_cxx_compiler_gnu=yes
ac_cv_env_CCC_set=
ac_cv_env_CCC_value=
ac_cv_env_CC_set=
ac_cv_env_CC_value=
ac_cv_env_CFLAGS_set=
ac_cv_env_CFLAGS_value=
ac_cv_env_CPPFLAGS_set=
ac_cv_env_CPPFLAGS_value=
ac_cv_env_CPP_set=
ac_cv_env_CPP_value=
ac_cv_env_CXXCPP_set=
ac_cv_env_CXXCPP_value=
ac_cv_env_CXXFLAGS_set=
ac_cv_env_CXXFLAGS_value=
ac_cv_env_CXX_set=
ac_cv_env_CXX_value=
ac_cv_env_LDFLAGS_set=
ac_cv_env_LDFLAGS_value=
ac_cv_env_LIBS_set=
ac_cv_env_LIBS_value=
ac_cv_env_build_alias_set=
ac_cv_env_build_alias_value=
ac_cv_env_host_alias_set=
ac_cv_env_host_alias_value=
ac_cv_env_target_alias_set=
ac_cv_env_target_alias_value=
ac_cv_header_dlfcn_h=yes
ac_cv_header_inttypes_h=yes
ac_cv_header_memory_h=yes
ac_cv_header_stdc=yes
ac_cv_header_stdint_h=yes
ac_cv_header_stdlib_h=yes
ac_cv_header_string_h=yes
ac_cv_header_strings_h=yes
ac_cv_header_sys_stat_h=yes
ac_cv_header_sys_types_h=yes
ac_cv_header_unistd_h=yes
ac_cv_host=x86_64-unknown-linux-gnu
ac_cv_objext=o
ac_cv_path_EGREP='/bin/grep -E'
ac_cv_path_FGREP='/bin/grep -F'
ac_cv_path_GREP=/bin/grep
ac_cv_path_SED=/bin/sed
ac_cv_path_install='/usr/bin/install -c'
ac_cv_path_mkdir=/bin/mkdir
ac_cv_prog_AWK=gawk
ac_cv_prog_CPP='gcc -E'
ac_cv_prog_CXXCPP='g++ -E'
ac_cv_prog_ac_ct_AR=ar
ac_cv_prog_ac_ct_CC=gcc
ac_cv_prog_ac_ct_CXX=g++
ac_cv_prog_ac_ct_MANIFEST_TOOL=mt
ac_cv_prog_ac_ct_OBJDUMP=objdump
ac_cv_prog_ac_ct_RANLIB=ranlib
ac_cv_prog_ac_ct_STRIP=strip
ac_cv_prog_cc_c89=
ac_cv_prog_cc_g=yes
ac_cv_prog_cxx_g=yes
ac_cv_prog_make_make_set=yes
ac_cv_type_size_t=yes
ac_cv_type_ssize_t=yes
am_cv_CC_dependencies_compiler_type=gcc3
am_cv_CXX_dependencies_compiler_type=gcc3
lt_cv_ar_at_file=@
lt_cv_archive_cmds_need_lc=no
lt_cv_deplibs_check_method=pass_all
lt_cv_file_magic_cmd='$MAGIC_CMD'
lt_cv_file_magic_test_file=
lt_cv_ld_reload_flag=-r
lt_cv_nm_interface='BSD nm'
lt_cv_objdir=.libs
lt_cv_path_LD=/usr/bin/ld
lt_cv_path_LDCXX='/usr/bin/ld -m elf_x86_64'
lt_cv_path_NM='/usr/bin/nm -B'
lt_cv_path_mainfest_tool=no
lt_cv_prog_compiler_c_o=yes
lt_cv_prog_compiler_c_o_CXX=yes
lt_cv_prog_compiler_pic='-fPIC -DPIC'
lt_cv_prog_compiler_pic_CXX='-fPIC -DPIC'
lt_cv_prog_compiler_pic_works=yes
lt_cv_prog_compiler_pic_works_CXX=yes
lt_cv_prog_compiler_rtti_exceptions=no
lt_cv_prog_compiler_static_works=yes
lt_cv_prog_compiler_static_works_CXX=yes
lt_cv_prog_gnu_ld=yes
lt_cv_prog_gnu_ldcxx=yes
lt_cv_sharedlib_from_linklib_cmd='printf %s\n'
lt_cv_shlibpath_overrides_runpath=yes
lt_cv_sys_global_symbol_pipe='sed -n -e '\''s/^.*[	 ]\([ABCDGIRSTW][ABCDGIRSTW]*\)[	 ][	 ]*\([_A-Za-z][_A-Za-z0-9]*\)$/\1 \2 \2/p'\'' | sed '\''/ __gnu_lto/d'\'''
lt_cv_sys_global_symbol_to_c_name_address='sed -n -e '\''s/^: \([^ ]*\)[ ]*$/  {\"\1\", (void *) 0},/p'\'' -e '\''s/^[ABCDGIRSTW]* \([^ ]*\) \([^ ]*\)$/  {"\2", (void *) \&\2},/p'\'''
lt_cv_sys_global_symbol_to_c_name_address_lib_prefix='sed -n -e '\''s/^: \([^ ]*\)[ ]*$/  {\"\1\", (void *) 0},/p'\'' -e '\''s/^[ABCDGIRSTW]* \([^ ]*\) \(lib[^ ]*\)$/  {"\2", (void *) \&\2},/p'\'' -e '\''s/^[ABCDGIRSTW]* \([^ ]*\) \([^ ]*\)$/  {"lib\2", (void *) \&\2},/p'\'''
lt_cv_sys_global_symbol_to_cdecl='sed -n -e '\''s/^T .* \(.*\)$/extern int \1();/p'\'' -e '\''s/^[ABCDGIRSTW]* .* \(.*\)$/extern char \1;/p'\'''
lt_cv_sys_max_cmd_len=1572864
lt_cv_to_host_file_cmd=func_convert_file_noop
lt_cv_to_tool_file_cmd=func_convert_file_noop

## ----------------- ##
## Output variables. ##
## ----------------- ##

ACLOCAL='${SHELL} /home/xuluna/workspace/comanche/src/lib/cityhash/cityhash/missing --run aclocal-1.11'
AMDEPBACKSLASH='\'
AMDEP_FALSE='#'
AMDEP_TRUE=''
AMTAR='$${TAR-tar}'
AR='ar'
AUTOCONF='${SHELL} /home/xuluna/workspace/comanche/src/lib/cityhash/cityhash/missing --run autoconf'
AUTOHEADER='${SHELL} /home/xuluna/workspace/comanche/src/lib/cityhash/cityhash/missing --run autoheader'
AUTOMAKE='${SHELL} /home/xuluna/workspace/comanche/src/lib/cityhash/cityhash/missing --run automake-1.11'
AWK='gawk'
CC='gcc'
CCDEPMODE='depmode=gcc3'
CFLAGS='-g -O2'
CPP='gcc -E'
CPPFLAGS=''
CXX='g++'
CXXCPP='g++ -E'
CXXDEPMODE='depmode=gcc3'
CXXFLAGS='-g -O2'
CYGPATH_W='echo'
DEFS='-DHAVE_CONFIG_H'
DEPDIR='.deps'
DLLTOOL='false'
DSYMUTIL=''
DUMPBIN=''
ECHO_C=''
ECHO_N='-n'
ECHO_T=''
EGREP='/bin/grep -E'
EXEEXT=''
FGREP='/bin/grep -F'
GREP='/bin/grep'
INSTALL_DATA='${INSTALL} -m 644'
INSTALL_PROGRAM='${INSTALL}'
INSTALL_SCRIPT='${INSTALL}'
INSTALL_STRIP_PROGRAM='$(install_sh) -c -s'
LD='/usr/bin/ld -m elf_x86_64'
LDFLAGS=''
LIBOBJS=''
LIBS=''
LIBTOOL='$(SHELL) $(top_builddir)/libtool'
LIPO=''
LN_S='ln -s'
LTLIBOBJS=''
MAKEINFO='${SHELL} /home/xuluna/workspace/comanche/src/lib/cityhash/cityhash/missing --run makeinfo'
MANIFEST_TOOL=':'
MKDIR_P='/bin/mkdir -p'
NM='/usr/bin/nm -B'
NMEDIT=''
OBJDUMP='objdump'
OBJEXT='o'
OTOOL64=''
OTOOL=''
PACKAGE='cityhash'
PACKAGE_BUGREPORT='cityhash-discuss@googlegroups.com'
PACKAGE_NAME='CityHash'
PACKAGE_STRING='CityHash 1.1.1'
PACKAGE_TARNAME='cityhash'
PACKAGE_URL=''
PACKAGE_VERSION='1.1.1'
PATH_SEPARATOR=':'
RANLIB='ranlib'
SED='/bin/sed'
SET_MAKE=''
SHELL='/bin/bash'
SSE42_FALSE=''
SSE42_TRUE='#'
STRIP='strip'
VERSION='1.1.1'
ac_ct_AR='ar'
ac_ct_CC='gcc'
ac_ct_CXX='g++'
ac_ct_DUMPBIN=''
am__EXEEXT_FALSE=''
am__EXEEXT_TRUE='#'
am__fastdepCC_FALSE='#'
am__fastdepCC_TRUE=''
am__fastdepCXX_FALSE='#'
am__fastdepCXX_TRUE=''
am__include='include'
am__isrc=''
am__leading_dot='.'
am__nodep='_no'
am__quote=''
am__tar='$${TAR-tar} chof - "$$tardir"'
am__untar='$${TAR-tar} xf -'
bindir='${exec_prefix}/bin'
build='x86_64-unknown-linux-gnu'
build_alias=''
build_cpu='x86_64'
build_os='linux-gnu'
build_vendor='unknown'
datadir='${datarootdir}'
datarootdir='${prefix}/share'
docdir='${datarootdir}/doc/${PACKAGE_TARNAME}'
dvidir='${docdir}'
exec_prefix='${prefix}'
host='x86_64-unknown-linux-gnu'
host_alias=''
host_cpu='x86_64'
host_os='linux-gnu'
host_vendor='unknown'
htmldir='${docdir}'
includedir='${prefix}/include'
infodir='${datarootdir}/info'
install_sh='${SHELL} /home/xuluna/workspace/comanche/src/lib/cityhash/cityhash/install-sh'
libdir='${exec_prefix}/lib'
libexecdir='${exec_prefix}/libexec'
localedir='${datarootdir}/locale'
localstatedir='${prefix}/var'
mandir='${datarootdir}/man'
mkdir_p='/bin/mkdir -p'
oldincludedir='/usr/include'
pdfdir='${docdir}'
prefix='/home/xuluna/workspace/comanche/build/dist'
program_transform_name='s,x,x,'
psdir='${docdir}'
runstatedir='${localstatedir}/run'
sbindir='${exec_prefix}/sbin'
sharedstatedir='${prefix}/com'
sysconfdir='${prefix}/etc'
target_alias=''

## ----------- ##
## confdefs.h. ##
## ----------- ##

/* confdefs.h */
#define PACKAGE_NAME "CityHash"
#define PACKAGE_TARNAME "cityhash"
#define PACKAGE_VERSION "1.1.1"
#define PACKAGE_STRING "CityHash 1.1.1"
#define PACKAGE_BUGREPORT "cityhash-discuss@googlegroups.com"
#define PACKAGE_URL ""
#define STDC_HEADERS 1
#define HAVE_SYS_TYPES_H 1
#define HAVE_SYS_STAT_H 1
#define HAVE_STDLIB_H 1
#define HAVE_STRING_H 1
#define HAVE_MEMORY_H 1
#define HAVE_STRINGS_H 1
#define HAVE_INTTYPES_H 1
#define HAVE_STDINT_H 1
#define HAVE_UNISTD_H 1
#define HAVE_DLFCN_H 1
#define LT_OBJDIR ".libs/"
#define HAVE_STDINT_H 1
#define HAVE_STDLIB_H 1
#define HAVE_BUILTIN_EXPECT 1

configure: exit 0
